-998
-997
-994
-988
-987
-985
-984
-981
-979
-977
-975
-974
-973
-971
-970
-968
-965
-964
-963
-962
-961
-960
-959
-958
-957
-956
-953
-951
-950
-948
-947
-946
-943
-940
-938
-936
-933
-930
-926
-925
-924
-922
-921
-920
-915
-908
-905
-904
-899
-897
-896
-895
-894
-891
-887
-886
-885
-884
-882
-881
-880
-878
-877
-875
-874
-871
-868
-867
-865
-864
-863
-860
-859
-854
-850
-849
-848
-845
-843
-842
-841
-840
-837
-835
-833
-832
-831
-830
-829
-828
-827
-826
-823
-820
-819
-818
-817
-815
-814
-808
-807
-806
-800
-799
-798
-797
-793
-792
-790
-789
-783
-782
-781
-780
-777
-775
-774
-773
-771
-770
-769
-768
-765
-763
-761
-760
-759
-758
-756
-755
-753
-752
-751
-748
-747
-744
-741
-738
-731
-730
-727
-726
-725
-722
-721
-718
-717
-707
-706
-701
-700
-699
-696
-695
-693
-692
-691
-689
-686
-684
-683
-680
-674
-673
-672
-669
-668
-664
-660
-656
-654
-652
-650
-649
-648
-643
-640
-639
-637
-636
-635
-631
-630
-628
-627
-626
-624
-623
-622
-618
-616
-613
-611
-607
-606
-604
-598
-596
-593
-592
-586
-585
-581
-580
-579
-577
-575
-574
-572
-569
-567
-563
-562
-561
-560
-556
-550
-549
-546
-545
-544
-542
-541
-540
-538
-537
-535
-534
-532
-531
-530
-528
-527
-526
-525
-524
-522
-517
-515
-514
-513
-512
-511
-509
-507
-506
-503
-502
-501
-500
-499
-498
-497
-492
-490
-489
-488
-486
-485
-482
-481
-479
-478
-473
-470
-468
-467
-466
-464
-461
-460
-458
-455
-454
-452
-450
-449
-447
-446
-444
-442
-440
-437
-436
-435
-433
-429
-428
-425
-424
-423
-422
-419
-416
-414
-409
-408
-405
-404
-403
-402
-401
-398
-395
-392
-391
-390
-385
-384
-382
-379
-378
-377
-376
-375
-374
-369
-368
-367
-366
-365
-362
-360
-355
-354
-352
-351
-349
-347
-346
-344
-342
-340
-339
-336
-335
-334
-333
-329
-325
-322
-321
-319
-317
-316
-315
-314
-311
-308
-306
-304
-303
-302
-301
-298
-296
-295
-293
-291
-290
-287
-282
-281
-280
-278
-276
-275
-274
-273
-270
-269
-268
-267
-265
-262
-261
-259
-256
-255
-252
-249
-247
-245
-244
-241
-239
-238
-236
-233
-231
-230
-229
-228
-227
-226
-225
-224
-221
-220
-218
-216
-214
-213
-212
-211
-210
-209
-205
-204
-203
-199
-197
-194
-193
-192
-190
-189
-188
-187
-185
-180
-172
-171
-169
-168
-165
-163
-162
-161
-160
-159
-158
-157
-154
-149
-148
-147
-146
-145
-144
-142
-138
-135
-134
-132
-128
-126
-125
-123
-122
-120
-119
-117
-115
-112
-111
-108
-105
-104
-101
-100
-99
-96
-92
-91
-90
-89
-87
-86
-85
-81
-80
-79
-77
-76
-71
-70
-69
-68
-64
-63
-61
-60
-58
-56
-55
-54
-53
-52
-51
-50
-48
-47
-45
-41
-40
-38
-37
-35
-34
-32
-31
-30
-21
-19
-16
-13
-11
-10
-7
-6
-3
-1
3
6
7
9
11
12
17
19
20
21
22
25
29
30
32
33
36
38
40
41
42
43
50
51
54
59
60
61
62
64
65
66
68
69
73
75
79
80
81
83
84
85
86
87
88
89
91
92
93
97
98
102
103
104
105
107
108
109
111
115
116
117
121
123
124
127
128
130
133
141
143
144
147
148
150
152
153
155
156
163
164
165
166
167
168
170
171
173
175
183
184
185
187
188
189
190
192
195
198
199
201
207
209
212
214
215
217
219
222
224
226
228
230
231
232
233
236
243
246
247
249
251
252
254
256
259
263
264
271
273
274
276
277
279
281
282
283
287
288
290
291
293
294
295
296
299
300
301
302
304
305
308
309
310
312
318
319
324
327
329
330
331
332
334
336
337
339
340
342
343
346
349
352
353
355
357
358
360
362
366
369
371
375
376
377
381
383
385
387
388
389
394
398
400
401
403
404
406
407
408
411
412
416
418
419
420
422
425
426
429
432
433
434
435
436
437
440
441
443
444
446
447
448
449
450
451
453
455
458
459
460
462
464
466
470
473
474
478
484
486
487
489
494
495
496
499
502
503
504
505
506
507
508
513
514
516
517
518
519
520
521
522
523
524
525
526
527
528
530
532
533
535
538
539
540
541
542
544
545
547
551
552
553
554
555
560
562
563
564
567
568
569
574
575
576
577
578
582
585
587
588
589
590
591
594
596
598
599
601
604
608
609
610
611
614
616
624
626
629
631
632
637
643
644
648
650
653
654
655
656
661
662
663
664
669
672
673
675
676
680
681
682
684
688
689
690
696
698
699
702
703
706
707
713
714
716
717
718
719
725
727
728
730
731
734
737
738
739
740
741
743
746
748
751
753
754
755
756
758
763
765
767
768
769
771
773
778
780
784
788
789
795
798
799
800
802
804
805
806
807
816
817
822
826
829
830
832
833
836
837
838
839
843
845
847
849
852
856
859
863
867
870
872
873
876
881
882
883
884
885
886
887
889
891
892
893
894
895
896
899
900
903
907
911
913
914
915
919
920
922
923
924
925
926
930
932
933
935
937
942
943
945
946
948
949
950
952
953
958
963
964
965
966
967
969
970
972
973
974
975
976
977
980
983
990
993
995
